TN:
SF:src/StrategyBuilderPlugin.sol
FN:94,StrategyBuilderPlugin.addStrategy
FNDA:518,StrategyBuilderPlugin.addStrategy
DA:98,518
DA:100,518
DA:102,518
DA:103,774
DA:106,774
DA:107,774
DA:109,774
BRDA:109,0,0,517
BRDA:109,0,1,774
DA:110,517
DA:114,774
DA:115,1036
DA:119,518
FN:122,StrategyBuilderPlugin.deleteStrategy
FNDA:1,StrategyBuilderPlugin.deleteStrategy
DA:123,1
BRDA:123,1,0,-
BRDA:123,1,1,1
DA:124,0
DA:127,1
DA:129,1
DA:130,1
DA:131,1
BRDA:131,2,0,1
BRDA:131,2,1,1
DA:132,1
DA:136,1
DA:138,1
FN:141,StrategyBuilderPlugin.executeStrategy
FNDA:512,StrategyBuilderPlugin.executeStrategy
DA:142,512
FN:145,StrategyBuilderPlugin.activateAutomation
FNDA:4,StrategyBuilderPlugin.activateAutomation
DA:152,4
DA:154,4
DA:156,4
DA:157,4
DA:158,4
DA:159,4
DA:161,4
DA:162,4
DA:164,4
FN:167,StrategyBuilderPlugin.deleteAutomation
FNDA:1,StrategyBuilderPlugin.deleteAutomation
DA:168,1
DA:170,1
DA:172,1
DA:173,1
DA:174,1
BRDA:174,3,0,-
BRDA:174,3,1,-
DA:175,0
DA:176,0
DA:177,0
DA:179,1
DA:181,1
DA:185,1
DA:187,1
FN:190,StrategyBuilderPlugin.executeAutomation
FNDA:2,StrategyBuilderPlugin.executeAutomation
DA:191,2
DA:194,2
DA:196,2
BRDA:196,4,0,1
BRDA:196,4,1,1
DA:197,1
DA:202,1
DA:205,1
DA:207,1
BRDA:207,5,0,-
BRDA:207,5,1,1
DA:208,0
DA:211,1
DA:212,1
DA:214,1
DA:216,1
FN:223,StrategyBuilderPlugin._executeStrategy
FNDA:513,StrategyBuilderPlugin._executeStrategy
DA:224,513
DA:226,513
FN:229,StrategyBuilderPlugin._executeStep
FNDA:769,StrategyBuilderPlugin._executeStep
DA:230,769
DA:233,769
DA:235,769
BRDA:235,6,0,-
BRDA:235,6,1,770
DA:237,513
DA:238,770
DA:239,770
DA:242,513
DA:245,769
BRDA:245,7,0,256
BRDA:245,7,1,769
DA:247,256
DA:248,256
FN:252,StrategyBuilderPlugin._executeAction
FNDA:770,StrategyBuilderPlugin._executeAction
DA:253,770
DA:255,770
BRDA:255,8,0,-
BRDA:255,8,1,-
DA:256,0
DA:257,0
DA:258,0
DA:259,0
DA:262,770
BRDA:262,9,0,-
BRDA:262,9,1,770
DA:263,770
DA:264,770
DA:266,0
DA:267,0
FN:271,StrategyBuilderPlugin._execute
FNDA:770,StrategyBuilderPlugin._execute
DA:272,770
DA:273,770
BRDA:273,10,0,-
BRDA:273,10,1,770
DA:274,770
DA:276,0
FN:280,StrategyBuilderPlugin._checkCondition
FNDA:771,StrategyBuilderPlugin._checkCondition
DA:285,771
BRDA:285,11,0,256
BRDA:285,11,1,515
DA:286,256
DA:287,256
DA:289,515
DA:290,515
BRDA:290,12,0,258
BRDA:290,12,1,257
DA:291,258
DA:293,257
FN:298,StrategyBuilderPlugin._changeActionInCondition
FNDA:6,StrategyBuilderPlugin._changeActionInCondition
DA:305,6
DA:309,6
DA:310,6
DA:311,6
BRDA:311,13,0,-
BRDA:311,13,1,6
DA:312,0
FN:316,StrategyBuilderPlugin._changeStrategyInCondition
FNDA:518,StrategyBuilderPlugin._changeStrategyInCondition
DA:323,518
DA:327,518
DA:328,518
DA:329,518
BRDA:329,14,0,-
BRDA:329,14,1,518
DA:330,0
FN:334,StrategyBuilderPlugin._payAutomation
FNDA:1,StrategyBuilderPlugin._payAutomation
DA:337,1
DA:338,1
DA:342,1
DA:343,1
DA:344,1
FN:347,StrategyBuilderPlugin._updateCondition
FNDA:1,StrategyBuilderPlugin._updateCondition
DA:348,1
BRDA:348,15,0,-
BRDA:348,15,1,-
DA:349,0
DA:350,0
DA:351,0
DA:352,0
DA:353,0
BRDA:353,16,0,-
BRDA:353,16,1,-
DA:354,0
DA:357,1
FN:366,StrategyBuilderPlugin.onInstall
FNDA:0,StrategyBuilderPlugin.onInstall
FN:369,StrategyBuilderPlugin.onUninstall
FNDA:0,StrategyBuilderPlugin.onUninstall
FN:372,StrategyBuilderPlugin.pluginManifest
FNDA:0,StrategyBuilderPlugin.pluginManifest
DA:373,0
DA:378,0
DA:379,0
DA:381,0
DA:382,0
DA:383,0
DA:384,0
DA:385,0
DA:386,0
DA:392,0
DA:401,0
DA:402,0
DA:407,0
DA:412,0
DA:417,0
DA:422,0
DA:430,0
DA:431,0
DA:440,0
DA:449,0
DA:458,0
DA:467,0
DA:476,0
DA:477,0
DA:479,0
FN:483,StrategyBuilderPlugin.pluginMetadata
FNDA:0,StrategyBuilderPlugin.pluginMetadata
DA:484,0
DA:485,0
DA:486,0
DA:487,0
DA:488,0
FN:495,StrategyBuilderPlugin.strategy
FNDA:2,StrategyBuilderPlugin.strategy
DA:496,2
FN:499,StrategyBuilderPlugin.automation
FNDA:2,StrategyBuilderPlugin.automation
DA:500,2
FNF:21
FNH:17
LF:143
LH:93
BRF:34
BRH:19
end_of_record
TN:
SF:src/condition/BaseCondition.sol
FN:31,BaseCondition.checkCondition
FNDA:0,BaseCondition.checkCondition
DA:32,0
FN:35,BaseCondition.isUpdateable
FNDA:1,BaseCondition.isUpdateable
DA:36,0
FN:39,BaseCondition.updateCondition
FNDA:0,BaseCondition.updateCondition
DA:41,0
FN:44,BaseCondition._isConditionActive
FNDA:0,BaseCondition._isConditionActive
DA:45,0
FN:48,BaseCondition.deleteCondition
FNDA:0,BaseCondition.deleteCondition
DA:49,0
BRDA:49,0,0,-
BRDA:49,0,1,-
DA:50,0
FN:54,BaseCondition.actionValid
FNDA:0,BaseCondition.actionValid
DA:56,0
FN:59,BaseCondition.strategyValid
FNDA:0,BaseCondition.strategyValid
DA:61,0
FN:64,BaseCondition.addAutomationToCondition
FNDA:4,BaseCondition.addAutomationToCondition
DA:65,4
DA:66,4
DA:67,4
FN:70,BaseCondition.addStrategyToCondition
FNDA:1797,BaseCondition.addStrategyToCondition
DA:71,1797
DA:72,1797
DA:73,1797
FN:76,BaseCondition.removeAutomationFromCondition
FNDA:2,BaseCondition.removeAutomationFromCondition
DA:77,2
DA:79,2
DA:81,2
BRDA:81,1,0,-
BRDA:81,1,1,2
DA:82,0
DA:85,2
DA:87,2
BRDA:87,2,0,-
BRDA:87,2,1,-
DA:88,0
DA:89,0
DA:90,0
DA:93,2
DA:95,2
FN:98,BaseCondition.removeStrategyFromCondition
FNDA:1,BaseCondition.removeStrategyFromCondition
DA:99,1
DA:101,1
DA:103,1
BRDA:103,3,0,-
BRDA:103,3,1,1
DA:104,0
DA:107,1
DA:109,1
BRDA:109,4,0,-
BRDA:109,4,1,-
DA:110,0
DA:111,0
DA:112,0
DA:115,1
DA:117,1
FN:120,BaseCondition.strategies
FNDA:256,BaseCondition.strategies
DA:121,256
FN:124,BaseCondition.automations
FNDA:0,BaseCondition.automations
DA:125,0
FNF:13
FNH:6
LF:38
LH:21
BRF:10
BRH:2
end_of_record
TN:
SF:src/test/mocks/MockCondition.sol
FN:14,MockCondition.addCondition
FNDA:769,MockCondition.addCondition
DA:15,769
FN:18,MockCondition._isConditionActive
FNDA:0,MockCondition._isConditionActive
DA:19,0
FN:22,MockCondition.checkCondition
FNDA:771,MockCondition.checkCondition
DA:23,771
FNF:3
FNH:2
LF:3
LH:2
BRF:0
BRH:0
end_of_record
TN:
SF:src/test/mocks/MockToken.sol
FN:13,Token.setDecimals
FNDA:0,Token.setDecimals
DA:14,0
FN:17,Token.decimals
FNDA:0,Token.decimals
DA:18,0
FNF:2
FNH:0
LF:2
LH:0
BRF:0
BRH:0
end_of_record
TN:
SF:test/utils/AccountTestBase.t.sol
FN:46,AccountTestBase._transferOwnershipToTest
FNDA:0,AccountTestBase._transferOwnershipToTest
DA:47,0
DA:48,0
FNF:1
FNH:0
LF:2
LH:0
BRF:0
BRH:0
end_of_record
