TN:
SF:src/FeeController.sol
DA:25,19
FN:25,FeeController.constructor
FNDA:19,FeeController.constructor
DA:26,19
BRDA:26,0,0,1
DA:27,1
DA:30,18
BRDA:30,1,0,-
DA:31,0
DA:34,18
DA:36,18
DA:39,18
DA:40,18
DA:41,18
DA:44,18
DA:45,18
DA:46,18
DA:49,1049
FN:49,FeeController.setFunctionFeeConfig
FNDA:1049,FeeController.setFunctionFeeConfig
DA:50,1049
BRDA:50,2,0,262
DA:51,262
DA:54,787
DA:56,787
DA:59,787
FN:59,FeeController.setTokenGetter
FNDA:787,FeeController.setTokenGetter
DA:60,787
BRDA:60,3,0,262
DA:61,262
DA:64,525
DA:65,525
DA:68,524
FN:68,FeeController.setGlobalTokenGetter
FNDA:524,FeeController.setGlobalTokenGetter
DA:69,524
BRDA:69,4,0,262
DA:70,262
DA:73,262
DA:74,262
DA:77,787
FN:77,FeeController.calculateFee
FNDA:787,FeeController.calculateFee
DA:78,787
DA:79,787
DA:81,787
DA:83,787
BRDA:83,5,0,262
DA:84,262
DA:87,525
DA:89,525
DA:90,525
DA:92,525
DA:95,786
FN:95,FeeController.calculateTokenAmount
FNDA:786,FeeController.calculateTokenAmount
DA:96,786
DA:98,786
BRDA:98,6,0,262
DA:99,262
DA:102,524
DA:104,524
BRDA:104,7,0,262
DA:105,262
DA:108,262
DA:111,525
FN:111,FeeController.getTokenForAction
FNDA:525,FeeController.getTokenForAction
DA:116,525
DA:118,525
BRDA:118,8,0,262
DA:119,262
DA:122,263
DA:124,263
DA:127,524
FN:127,FeeController.tokenGetter
FNDA:524,FeeController.tokenGetter
DA:128,1049
DA:130,1049
BRDA:130,9,0,524
DA:131,524
DA:134,1049
DA:137,1049
FN:137,FeeController.functionFeeConfig
FNDA:1049,FeeController.functionFeeConfig
DA:138,1049
DA:141,262
FN:141,FeeController.maxFeeLimit
FNDA:262,FeeController.maxFeeLimit
DA:142,262
DA:145,789
FN:145,FeeController.minFeeInUSD
FNDA:789,FeeController.minFeeInUSD
DA:146,789
DA:149,1
FN:149,FeeController.priceOracle
FNDA:1,FeeController.priceOracle
DA:150,1
DA:153,0
FN:153,FeeController.hasOracle
FNDA:0,FeeController.hasOracle
DA:154,0
FNF:13
FNH:12
LF:67
LH:64
BRF:10
BRH:9
end_of_record
TN:
SF:src/FeeHandler.sol
DA:28,23
FN:28,FeeHandler.constructor
FNDA:23,FeeHandler.constructor
DA:35,23
DA:36,22
DA:38,21
DA:41,1572
FN:41,FeeHandler.handleFee
FNDA:1572,FeeHandler.handleFee
DA:42,1572
DA:43,1310
DA:45,1048
BRDA:45,0,0,262
DA:46,262
DA:49,786
DA:51,786
DA:53,786
DA:55,786
BRDA:55,1,0,786
BRDA:55,1,1,-
DA:56,786
DA:57,786
DA:59,0
DA:62,786
BRDA:62,2,0,262
DA:63,262
DA:66,786
DA:69,263
FN:69,FeeHandler.handleFeeETH
FNDA:263,FeeHandler.handleFeeETH
DA:70,263
BRDA:70,3,0,1
DA:71,1
DA:74,262
DA:76,262
DA:77,262
DA:79,262
DA:80,262
DA:82,262
DA:84,262
BRDA:84,4,0,262
BRDA:84,4,1,-
DA:85,262
DA:86,262
DA:88,0
DA:91,262
BRDA:91,5,0,-
DA:92,0
DA:95,262
DA:98,1310
FN:98,FeeHandler.activatePrimaryToken
FNDA:1310,FeeHandler.activatePrimaryToken
DA:99,1310
BRDA:99,6,0,262
DA:100,1048
DA:101,1048
DA:102,1048
DA:103,1048
DA:104,1048
DA:107,263
FN:107,FeeHandler.updateVault
FNDA:263,FeeHandler.updateVault
DA:108,263
DA:111,0
FN:111,FeeHandler.updateReduction
FNDA:0,FeeHandler.updateReduction
DA:112,0
DA:113,0
DA:114,0
DA:117,520
FN:117,FeeHandler.updatePercentages
FNDA:520,FeeHandler.updatePercentages
DA:118,520
DA:121,518
FN:121,FeeHandler.updatePrimaryTokenDiscount
FNDA:518,FeeHandler.updatePrimaryTokenDiscount
DA:122,518
BRDA:122,7,0,259
DA:123,259
DA:125,259
DA:126,259
DA:129,1311
FN:129,FeeHandler.updateTokenAllowance
FNDA:1311,FeeHandler.updateTokenAllowance
DA:130,1311
DA:132,1311
DA:135,286
FN:135,FeeHandler._updateVault
FNDA:286,FeeHandler._updateVault
DA:136,286
DA:137,284
DA:138,284
DA:141,542
FN:141,FeeHandler._updatePercentages
FNDA:542,FeeHandler._updatePercentages
DA:142,542
BRDA:142,8,0,261
DA:143,281
DA:144,281
DA:145,281
DA:146,281
DA:149,1048
FN:149,FeeHandler._tokenDistribution
FNDA:1048,FeeHandler._tokenDistribution
DA:150,1048
DA:151,1048
DA:152,1048
DA:154,1048
DA:157,1048
FN:157,FeeHandler._feeCalculation
FNDA:1048,FeeHandler._feeCalculation
DA:158,1048
DA:159,1048
DA:161,1048
BRDA:161,9,0,-
DA:162,0
DA:163,0
DA:166,1048
BRDA:166,10,0,262
BRDA:166,10,1,786
DA:167,262
DA:168,262
DA:169,786
BRDA:169,11,0,262
DA:170,262
DA:171,262
DA:173,1048
DA:176,2382
FN:176,FeeHandler._validateAddress
FNDA:2382,FeeHandler._validateAddress
DA:177,2382
BRDA:177,12,0,2
DA:178,2
DA:182,1834
FN:182,FeeHandler._validateAmount
FNDA:1834,FeeHandler._validateAmount
DA:183,1834
BRDA:183,13,0,262
DA:186,1572
FN:186,FeeHandler._validateBeneficiary
FNDA:1572,FeeHandler._validateBeneficiary
DA:187,1572
BRDA:187,14,0,262
DA:190,262
FN:190,FeeHandler.primaryTokenActive
FNDA:262,FeeHandler.primaryTokenActive
DA:191,3406
DA:194,262
FN:194,FeeHandler.tokenAllowed
FNDA:262,FeeHandler.tokenAllowed
DA:195,262
FNF:18
FNH:17
LF:97
LH:88
BRF:18
BRH:14
end_of_record
TN:
SF:src/PriceOracle.sol
DA:14,7
FN:14,PriceOracle.constructor
FNDA:7,PriceOracle.constructor
DA:15,7
DA:17,7
DA:20,1313
FN:20,PriceOracle.setOracleID
FNDA:1313,PriceOracle.setOracleID
DA:21,1051
DA:23,1051
DA:26,788
FN:26,PriceOracle.getTokenPrice
FNDA:788,PriceOracle.getTokenPrice
DA:27,788
DA:29,788
BRDA:29,0,0,1
DA:30,1
DA:33,787
DA:35,787
DA:38,787
FN:38,PriceOracle._scalePythPrice
FNDA:787,PriceOracle._scalePythPrice
DA:39,787
BRDA:39,1,0,262
DA:40,262
DA:43,525
DA:45,525
BRDA:45,2,0,262
DA:46,262
DA:49,263
DA:52,263
FN:52,PriceOracle.oracleID
FNDA:263,PriceOracle.oracleID
DA:53,263
FNF:5
FNH:5
LF:21
LH:21
BRF:3
BRH:3
end_of_record
TN:
SF:src/StrategyBuilderPlugin.sol
DA:58,4
FN:58,StrategyBuilderPlugin.strategyExist
FNDA:4,StrategyBuilderPlugin.strategyExist
DA:59,4
BRDA:59,0,0,-
DA:60,0
DA:65,531
FN:65,StrategyBuilderPlugin.strategyDoesNotExist
FNDA:531,StrategyBuilderPlugin.strategyDoesNotExist
DA:66,531
BRDA:66,1,0,-
DA:67,0
DA:72,1
FN:72,StrategyBuilderPlugin.automationExist
FNDA:1,StrategyBuilderPlugin.automationExist
DA:73,1
BRDA:73,2,0,-
DA:74,0
DA:79,4
FN:79,StrategyBuilderPlugin.automationDoesNotExist
FNDA:4,StrategyBuilderPlugin.automationDoesNotExist
DA:80,4
BRDA:80,3,0,-
DA:81,0
DA:90,9
FN:90,StrategyBuilderPlugin.constructor
FNDA:9,StrategyBuilderPlugin.constructor
DA:91,9
DA:92,9
DA:99,531
FN:99,StrategyBuilderPlugin.createStrategy
FNDA:531,StrategyBuilderPlugin.createStrategy
DA:105,531
DA:107,531
DA:109,531
DA:110,793
DA:113,793
DA:114,793
DA:116,793
BRDA:116,4,0,529
DA:117,529
DA:121,793
DA:123,1061
DA:127,531
DA:130,1
FN:130,StrategyBuilderPlugin.deleteStrategy
FNDA:1,StrategyBuilderPlugin.deleteStrategy
DA:131,1
DA:133,1
BRDA:133,5,0,-
DA:134,0
DA:137,1
DA:139,1
DA:140,1
DA:141,1
BRDA:141,6,0,1
DA:142,1
DA:146,1
DA:148,1
DA:151,525
FN:151,StrategyBuilderPlugin.executeStrategy
FNDA:525,StrategyBuilderPlugin.executeStrategy
DA:152,525
DA:155,4
FN:155,StrategyBuilderPlugin.createAutomation
FNDA:4,StrategyBuilderPlugin.createAutomation
DA:163,4
DA:165,4
DA:167,4
DA:168,4
DA:170,4
DA:171,4
DA:173,4
DA:175,4
DA:177,4
DA:178,4
DA:179,4
DA:181,4
DA:184,1
FN:184,StrategyBuilderPlugin.deleteAutomation
FNDA:1,StrategyBuilderPlugin.deleteAutomation
DA:185,1
DA:186,1
DA:188,1
DA:190,1
DA:191,1
DA:192,1
BRDA:192,7,0,-
DA:193,0
DA:194,0
DA:195,0
DA:197,1
DA:199,1
DA:203,1
DA:205,1
DA:208,2
FN:208,StrategyBuilderPlugin.executeAutomation
FNDA:2,StrategyBuilderPlugin.executeAutomation
DA:209,2
DA:210,2
DA:213,2
DA:215,2
BRDA:215,8,0,1
DA:216,1
DA:219,1
DA:221,1
BRDA:221,9,0,-
DA:222,0
DA:225,1
DA:226,1
DA:227,1
DA:229,1
DA:231,1
DA:238,526
FN:238,StrategyBuilderPlugin._executeStrategy
FNDA:526,StrategyBuilderPlugin._executeStrategy
DA:239,526
DA:241,526
DA:244,788
FN:244,StrategyBuilderPlugin._executeStep
FNDA:788,StrategyBuilderPlugin._executeStep
DA:245,788
DA:248,788
DA:250,788
BRDA:250,10,0,526
DA:252,526
DA:253,789
DA:254,789
DA:257,526
DA:260,788
BRDA:260,11,0,262
DA:262,262
DA:263,262
DA:267,789
FN:267,StrategyBuilderPlugin._executeAction
FNDA:789,StrategyBuilderPlugin._executeAction
DA:268,789
DA:269,789
DA:272,789
DA:274,789
DA:276,789
DA:278,1
BRDA:278,12,0,1
BRDA:278,12,1,788
DA:279,1
DA:280,1
DA:284,1
DA:286,788
DA:289,789
DA:292,789
FN:292,StrategyBuilderPlugin._execute
FNDA:789,StrategyBuilderPlugin._execute
DA:293,789
DA:294,789
BRDA:294,13,0,788
BRDA:294,13,1,2
DA:295,788
DA:297,1
DA:298,1
DA:299,1
DA:301,2
DA:308,790
FN:308,StrategyBuilderPlugin._checkCondition
FNDA:790,StrategyBuilderPlugin._checkCondition
DA:313,790
BRDA:313,14,0,263
BRDA:313,14,1,263
DA:314,263
DA:315,263
DA:317,527
DA:318,527
BRDA:318,15,0,264
BRDA:318,15,1,263
DA:319,264
DA:321,263
DA:326,6
FN:326,StrategyBuilderPlugin._changeAutomationInCondition
FNDA:6,StrategyBuilderPlugin._changeAutomationInCondition
DA:333,6
DA:337,6
DA:338,6
DA:339,6
BRDA:339,16,0,-
DA:340,0
DA:344,530
FN:344,StrategyBuilderPlugin._changeStrategyInCondition
FNDA:530,StrategyBuilderPlugin._changeStrategyInCondition
DA:351,530
DA:355,530
DA:356,530
DA:357,530
BRDA:357,17,0,-
DA:358,0
DA:362,0
FN:362,StrategyBuilderPlugin._payAutomation
FNDA:0,StrategyBuilderPlugin._payAutomation
DA:370,0
DA:373,0
BRDA:373,18,0,-
DA:374,0
DA:375,0
DA:378,0
DA:382,0
DA:386,0
DA:389,1
FN:389,StrategyBuilderPlugin._updateCondition
FNDA:1,StrategyBuilderPlugin._updateCondition
DA:390,1
BRDA:390,19,0,-
BRDA:390,19,1,-
DA:391,0
DA:392,0
DA:393,0
DA:394,0
DA:395,0
BRDA:395,20,0,-
DA:396,0
DA:399,1
DA:405,4
FN:405,StrategyBuilderPlugin._validatePaymentToken
FNDA:4,StrategyBuilderPlugin._validatePaymentToken
DA:406,4
DA:407,4
BRDA:407,21,0,-
DA:408,0
DA:411,4
BRDA:411,22,0,-
DA:412,0
DA:415,4
BRDA:415,23,0,-
DA:416,0
DA:420,0
FN:420,StrategyBuilderPlugin._decodePluginExecutions
FNDA:0,StrategyBuilderPlugin._decodePluginExecutions
DA:425,0
DA:433,9
FN:433,StrategyBuilderPlugin.onInstall
FNDA:9,StrategyBuilderPlugin.onInstall
DA:436,0
FN:436,StrategyBuilderPlugin.onUninstall
FNDA:0,StrategyBuilderPlugin.onUninstall
DA:439,18
FN:439,StrategyBuilderPlugin.pluginManifest
FNDA:18,StrategyBuilderPlugin.pluginManifest
DA:440,18
DA:445,18
DA:446,18
DA:448,18
DA:449,18
DA:450,18
DA:451,18
DA:452,18
DA:453,18
DA:459,18
DA:468,18
DA:469,18
DA:474,18
DA:479,18
DA:484,18
DA:489,18
DA:497,18
DA:498,18
DA:507,18
DA:516,18
DA:525,18
DA:534,18
DA:543,18
DA:544,18
DA:546,18
DA:550,0
FN:550,StrategyBuilderPlugin.pluginMetadata
FNDA:0,StrategyBuilderPlugin.pluginMetadata
DA:551,0
DA:552,0
DA:553,0
DA:554,0
DA:555,0
DA:562,2
FN:562,StrategyBuilderPlugin.strategy
FNDA:2,StrategyBuilderPlugin.strategy
DA:563,2
DA:566,2
FN:566,StrategyBuilderPlugin.automation
FNDA:2,StrategyBuilderPlugin.automation
DA:567,2
DA:570,0
FN:570,StrategyBuilderPlugin.getStorageId
FNDA:0,StrategyBuilderPlugin.getStorageId
DA:571,2409
FNF:29
FNH:24
LF:202
LH:164
BRF:29
BRH:13
end_of_record
TN:
SF:src/actions/aave-v3/AaveV3Actions.sol
DA:31,1
FN:31,AaveV3Actions.nonZeroAmount
FNDA:1,AaveV3Actions.nonZeroAmount
DA:32,1
BRDA:32,0,0,-
DA:33,0
DA:38,1
FN:38,AaveV3Actions.validPercentage
FNDA:1,AaveV3Actions.validPercentage
DA:39,1
BRDA:39,1,0,-
DA:40,0
DA:49,19
FN:49,AaveV3Actions.constructor
FNDA:19,AaveV3Actions.constructor
DA:50,19
DA:51,19
DA:52,19
DA:54,19
DA:55,19
DA:56,19
DA:57,19
DA:58,19
DA:59,19
DA:60,19
DA:62,19
DA:63,19
DA:64,19
DA:65,19
DA:67,19
DA:68,19
DA:69,19
DA:78,1579
FN:78,AaveV3Actions.supply
FNDA:1579,AaveV3Actions.supply
DA:84,2077
DA:86,2077
DA:88,2077
DA:90,2077
DA:93,264
FN:93,AaveV3Actions.supplyETH
FNDA:264,AaveV3Actions.supplyETH
DA:99,762
DA:101,762
DA:103,762
DA:105,762
DA:107,762
DA:110,1
FN:110,AaveV3Actions.withdraw
FNDA:1,AaveV3Actions.withdraw
DA:116,27
DA:118,27
DA:120,27
DA:123,1
FN:123,AaveV3Actions.withdrawETH
FNDA:1,AaveV3Actions.withdrawETH
DA:129,27
DA:131,27
DA:132,27
DA:134,27
DA:137,1050
FN:137,AaveV3Actions.borrow
FNDA:1050,AaveV3Actions.borrow
DA:143,1072
DA:145,1072
DA:147,1072
DA:150,526
FN:150,AaveV3Actions.borrowETH
FNDA:526,AaveV3Actions.borrowETH
DA:156,809
DA:158,809
DA:160,809
DA:162,809
DA:165,1
FN:165,AaveV3Actions.repay
FNDA:1,AaveV3Actions.repay
DA:171,504
DA:173,504
DA:175,504
DA:177,504
DA:180,1
FN:180,AaveV3Actions.repayETH
FNDA:1,AaveV3Actions.repayETH
DA:186,504
DA:188,504
DA:190,504
DA:192,504
DA:194,504
DA:199,262
FN:199,AaveV3Actions.supplyPercentageOfBalance
FNDA:262,AaveV3Actions.supplyPercentageOfBalance
DA:206,262
DA:208,262
DA:211,262
FN:211,AaveV3Actions.supplyPercentageOfBalanceETH
FNDA:262,AaveV3Actions.supplyPercentageOfBalanceETH
DA:218,262
DA:220,262
DA:223,262
FN:223,AaveV3Actions.changeSupplyToHealthFactorETH
FNDA:262,AaveV3Actions.changeSupplyToHealthFactorETH
DA:228,262
DA:229,262
DA:231,262
BRDA:231,2,0,-
DA:232,0
DA:235,26
BRDA:235,3,0,26
BRDA:235,3,1,236
DA:236,26
DA:238,236
DA:239,236
BRDA:239,4,0,-
DA:240,0
DA:242,236
DA:246,523
FN:246,AaveV3Actions.changeSupplyToHealthFactor
FNDA:523,AaveV3Actions.changeSupplyToHealthFactor
DA:251,523
DA:252,262
DA:254,262
BRDA:254,5,0,-
DA:255,0
DA:258,26
BRDA:258,6,0,26
BRDA:258,6,1,236
DA:259,26
DA:261,236
DA:262,236
BRDA:262,7,0,-
DA:263,0
DA:265,236
DA:269,1
FN:269,AaveV3Actions.borrowPercentageOfAvailable
FNDA:1,AaveV3Actions.borrowPercentageOfAvailable
DA:276,1
DA:278,1
DA:281,262
FN:281,AaveV3Actions.borrowPercentageOfAvailableETH
FNDA:262,AaveV3Actions.borrowPercentageOfAvailableETH
DA:288,262
DA:290,262
DA:293,262
FN:293,AaveV3Actions.repayPercentageOfDebt
FNDA:262,AaveV3Actions.repayPercentageOfDebt
DA:300,262
DA:302,262
DA:303,262
DA:304,262
DA:307,262
FN:307,AaveV3Actions.repayPercentageOfDebtETH
FNDA:262,AaveV3Actions.repayPercentageOfDebtETH
DA:314,262
DA:315,262
DA:316,262
DA:317,262
DA:320,262
FN:320,AaveV3Actions.changeDebtToHealthFactor
FNDA:262,AaveV3Actions.changeDebtToHealthFactor
DA:321,262
DA:323,262
DA:325,262
BRDA:325,8,0,-
DA:326,0
DA:329,241
BRDA:329,9,0,241
BRDA:329,9,1,21
DA:334,241
DA:336,21
DA:340,262
FN:340,AaveV3Actions.changeDebtToHealthFactorETH
FNDA:262,AaveV3Actions.changeDebtToHealthFactorETH
DA:341,262
DA:342,262
DA:343,262
BRDA:343,10,0,-
DA:344,0
DA:346,241
BRDA:346,11,0,241
BRDA:346,11,1,241
DA:347,241
DA:348,241
BRDA:348,12,0,-
DA:349,0
DA:351,241
DA:353,21
DA:360,3847
FN:360,AaveV3Actions._approveToken
FNDA:3847,AaveV3Actions._approveToken
DA:361,3847
DA:363,3847
DA:366,1008
FN:366,AaveV3Actions._repay
FNDA:1008,AaveV3Actions._repay
DA:371,1008
DA:373,1008
DA:376,1881
FN:376,AaveV3Actions._borrow
FNDA:1881,AaveV3Actions._borrow
DA:381,1881
DA:383,1881
DA:386,2839
FN:386,AaveV3Actions._supply
FNDA:2839,AaveV3Actions._supply
DA:387,2839
DA:389,2839
DA:392,54
FN:392,AaveV3Actions._withdraw
FNDA:54,AaveV3Actions._withdraw
DA:393,54
DA:395,54
DA:398,836
FN:398,AaveV3Actions._withdrawFromWETH
FNDA:836,AaveV3Actions._withdrawFromWETH
DA:399,836
DA:400,836
DA:403,1266
FN:403,AaveV3Actions._depositToWETH
FNDA:1266,AaveV3Actions._depositToWETH
DA:404,1266
DA:405,1266
DA:408,263
FN:408,AaveV3Actions._calculateBorrowAmount
FNDA:263,AaveV3Actions._calculateBorrowAmount
DA:413,263
DA:415,263
DA:416,263
DA:418,263
DA:419,263
DA:422,524
FN:422,AaveV3Actions._calculateDeltaDebt
FNDA:524,AaveV3Actions._calculateDeltaDebt
DA:427,524
DA:429,524
DA:432,524
DA:433,524
BRDA:433,13,0,482
BRDA:433,13,1,42
DA:434,482
DA:435,482
DA:437,42
DA:440,524
DA:441,524
DA:443,524
DA:446,524
FN:446,AaveV3Actions._calculateDeltaCol
FNDA:524,AaveV3Actions._calculateDeltaCol
DA:451,524
DA:453,524
DA:455,524
DA:456,524
BRDA:456,14,0,52
BRDA:456,14,1,472
DA:457,52
DA:458,52
DA:460,472
DA:463,524
DA:464,524
DA:466,524
DA:469,524
FN:469,AaveV3Actions._calculatePercentageAmountOfAssetBalance
FNDA:524,AaveV3Actions._calculatePercentageAmountOfAssetBalance
DA:474,524
DA:476,524
DA:479,524
FN:479,AaveV3Actions._getDebtToken
FNDA:524,AaveV3Actions._getDebtToken
DA:480,524
DA:482,524
BRDA:482,15,0,-
BRDA:482,15,1,524
DA:483,0
DA:485,524
DA:489,1309
FN:489,AaveV3Actions._validateHealtfactor
FNDA:1309,AaveV3Actions._validateHealtfactor
DA:490,1309
BRDA:490,16,0,261
DA:491,261
DA:499,0
FN:499,AaveV3Actions.getTokenForSelector
FNDA:0,AaveV3Actions.getTokenForSelector
DA:500,0
DA:502,0
BRDA:502,17,0,-
DA:503,0
DA:506,0
BRDA:506,18,0,-
DA:507,0
DA:510,0
BRDA:510,19,0,-
BRDA:510,19,1,-
DA:511,0
DA:512,0
DA:514,0
DA:515,0
FNF:35
FNH:34
LF:198
LH:177
BRF:28
BRH:14
end_of_record
TN:
SF:src/actions/uniswap-v2/UniswapV2Base.sol
DA:29,524
FN:29,UniswapV2Base.validPercentage
FNDA:524,UniswapV2Base.validPercentage
DA:30,524
BRDA:30,0,0,-
DA:31,0
DA:36,1048
FN:36,UniswapV2Base.nonZeroAmount
FNDA:1048,UniswapV2Base.nonZeroAmount
DA:37,1048
BRDA:37,1,0,-
DA:38,0
DA:47,33
FN:47,UniswapV2Base.constructor
FNDA:33,UniswapV2Base.constructor
DA:48,33
DA:50,33
DA:51,33
DA:58,1048
FN:58,UniswapV2Base._percentageShare
FNDA:1048,UniswapV2Base._percentageShare
DA:59,1048
DA:60,1048
DA:63,262
FN:63,UniswapV2Base._percentageShareETH
FNDA:262,UniswapV2Base._percentageShareETH
DA:64,262
DA:65,262
DA:68,8647
FN:68,UniswapV2Base._approveToken
FNDA:8647,UniswapV2Base._approveToken
DA:69,8647
DA:71,8647
DA:74,786
FN:74,UniswapV2Base._getMaxAmountIn
FNDA:786,UniswapV2Base._getMaxAmountIn
DA:75,786
DA:78,8385
FN:78,UniswapV2Base._deadline
FNDA:8385,UniswapV2Base._deadline
DA:79,8385
DA:82,262
FN:82,UniswapV2Base._swap
FNDA:262,UniswapV2Base._swap
DA:87,262
DA:89,262
DA:91,262
DA:92,262
DA:93,262
DA:95,262
DA:96,262
DA:98,262
DA:101,262
FN:101,UniswapV2Base._swapETH
FNDA:262,UniswapV2Base._swapETH
DA:106,262
DA:108,262
DA:109,262
DA:110,262
DA:112,262
DA:113,262
DA:115,262
DA:118,262
FN:118,UniswapV2Base._swapToETH
FNDA:262,UniswapV2Base._swapToETH
DA:123,262
DA:125,262
DA:127,262
DA:128,262
DA:129,262
DA:131,262
DA:132,262
DA:134,262
DA:137,787
FN:137,UniswapV2Base._swapExactTokensForTokens
FNDA:787,UniswapV2Base._swapExactTokensForTokens
DA:144,787
DA:145,787
DA:147,787
DA:150,786
FN:150,UniswapV2Base._swapExactTokensForETH
FNDA:786,UniswapV2Base._swapExactTokensForETH
DA:157,786
DA:158,786
DA:160,786
DA:163,786
FN:163,UniswapV2Base._swapExactETHForTokens
FNDA:786,UniswapV2Base._swapExactETHForTokens
DA:170,786
DA:171,786
DA:173,786
DA:176,786
FN:176,UniswapV2Base._calculateSwapAmountForProvidingLiquidity
FNDA:786,UniswapV2Base._calculateSwapAmountForProvidingLiquidity
DA:181,786
DA:183,786
BRDA:183,2,0,524
BRDA:183,2,1,262
DA:184,524
DA:186,262
DA:190,0
FN:190,UniswapV2Base.uniswapV2RouterAddress
FNDA:0,UniswapV2Base.uniswapV2RouterAddress
DA:191,0
DA:194,0
FN:194,UniswapV2Base.getTokenForSelector
FNDA:0,UniswapV2Base.getTokenForSelector
DA:195,0
DA:205,0
FN:205,UniswapV2Base._getSwapAmount
FNDA:0,UniswapV2Base._getSwapAmount
DA:206,786
DA:209,786
FN:209,UniswapV2Base.sqrt
FNDA:786,UniswapV2Base.sqrt
DA:210,786
BRDA:210,3,0,786
BRDA:210,3,1,-
DA:211,786
DA:212,786
DA:213,68906
DA:214,68120
DA:215,68120
DA:217,0
BRDA:217,4,0,-
DA:218,0
FNF:19
FNH:16
LF:81
LH:72
BRF:7
BRH:3
end_of_record
TN:
SF:src/actions/uniswap-v2/UniswapV2LPActions.sol
DA:16,15
FN:16,UniswapV2LPActions.constructor
FNDA:15,UniswapV2LPActions.constructor
DA:17,15
DA:18,15
DA:19,15
DA:20,15
DA:21,15
DA:23,15
DA:25,15
DA:27,15
DA:28,15
DA:29,15
DA:36,1049
FN:36,UniswapV2LPActions.addLiquidity
FNDA:1049,UniswapV2LPActions.addLiquidity
DA:45,1573
BRDA:45,0,0,1
DA:46,1
DA:49,1572
BRDA:49,1,0,123
DA:50,123
DA:53,1572
BRDA:53,2,0,139
DA:54,139
DA:57,1572
DA:59,1572
DA:60,1572
DA:62,1572
DA:65,1572
DA:68,1049
FN:68,UniswapV2LPActions.addLiquidityETH
FNDA:1049,UniswapV2LPActions.addLiquidityETH
DA:76,1835
BRDA:76,3,0,1
DA:77,1
DA:80,1834
BRDA:80,4,0,123
DA:81,123
DA:84,1834
BRDA:84,5,0,139
DA:85,139
DA:88,1834
DA:89,1834
DA:91,1834
DA:94,1834
DA:97,262
FN:97,UniswapV2LPActions.removeLiquidity
FNDA:262,UniswapV2LPActions.removeLiquidity
DA:105,524
DA:107,524
DA:109,524
DA:111,524
DA:114,262
FN:114,UniswapV2LPActions.removeLiquidityETH
FNDA:262,UniswapV2LPActions.removeLiquidityETH
DA:121,524
DA:122,524
DA:124,524
DA:126,524
DA:133,262
FN:133,UniswapV2LPActions.addLiqudityPercentage
FNDA:262,UniswapV2LPActions.addLiqudityPercentage
DA:139,262
DA:141,262
DA:143,262
DA:154,262
FN:154,UniswapV2LPActions.addLiqudityPercentageETH
FNDA:262,UniswapV2LPActions.addLiqudityPercentageETH
DA:160,262
DA:162,262
DA:164,262
DA:174,262
FN:174,UniswapV2LPActions.removeLiquidityETHPercentage
FNDA:262,UniswapV2LPActions.removeLiquidityETHPercentage
DA:180,262
DA:183,262
FN:183,UniswapV2LPActions.removeLiquidityPercentage
FNDA:262,UniswapV2LPActions.removeLiquidityPercentage
DA:189,262
DA:194,262
FN:194,UniswapV2LPActions.zap
FNDA:262,UniswapV2LPActions.zap
DA:199,262
DA:201,262
DA:203,262
DA:205,262
DA:206,262
DA:207,262
DA:209,262
DA:210,262
DA:211,262
DA:212,262
DA:213,262
DA:215,262
DA:218,524
FN:218,UniswapV2LPActions.zapETH
FNDA:524,UniswapV2LPActions.zapETH
DA:223,524
DA:224,524
DA:226,524
DA:228,524
DA:230,524
DA:232,524
BRDA:232,6,0,262
BRDA:232,6,1,262
DA:233,262
DA:234,262
DA:236,262
DA:237,262
DA:238,262
DA:241,524
DA:248,3406
FN:248,UniswapV2LPActions._getPoolPair
FNDA:3406,UniswapV2LPActions._getPoolPair
DA:249,3406
DA:251,3406
BRDA:251,7,0,-
DA:252,0
DA:255,3406
DA:258,524
FN:258,UniswapV2LPActions._calculateAmountForLP
FNDA:524,UniswapV2LPActions._calculateAmountForLP
DA:263,524
DA:264,524
DA:266,524
BRDA:266,8,0,262
BRDA:266,8,1,262
DA:267,262
DA:269,262
DA:273,262
FN:273,UniswapV2LPActions._getMaxAmounts
FNDA:262,UniswapV2LPActions._getMaxAmounts
DA:278,262
DA:280,262
DA:281,262
DA:282,262
BRDA:282,9,0,262
BRDA:282,9,1,-
DA:283,262
DA:284,262
DA:286,0
DA:287,0
DA:290,262
DA:291,262
DA:293,262
DA:296,262
FN:296,UniswapV2LPActions._getMaxAmountsETH
FNDA:262,UniswapV2LPActions._getMaxAmountsETH
DA:301,262
DA:303,262
DA:304,262
DA:305,262
BRDA:305,10,0,-
BRDA:305,10,1,262
DA:306,0
DA:307,0
DA:309,262
DA:310,262
DA:313,262
DA:314,262
DA:316,262
DA:319,524
FN:319,UniswapV2LPActions._calculateMaxAmounts
FNDA:524,UniswapV2LPActions._calculateMaxAmounts
DA:324,524
DA:325,524
DA:327,524
DA:329,524
BRDA:329,11,0,355
BRDA:329,11,1,169
DA:330,355
DA:332,169
DA:336,1572
FN:336,UniswapV2LPActions._addLiquidity
FNDA:1572,UniswapV2LPActions._addLiquidity
DA:346,1572
DA:351,1572
DA:354,1834
FN:354,UniswapV2LPActions._addLiquidityETH
FNDA:1834,UniswapV2LPActions._addLiquidityETH
DA:363,1834
DA:367,1834
DA:370,524
FN:370,UniswapV2LPActions._removeLiquidity
FNDA:524,UniswapV2LPActions._removeLiquidity
DA:379,524
DA:383,524
DA:386,524
FN:386,UniswapV2LPActions._removeLiquidityETH
FNDA:524,UniswapV2LPActions._removeLiquidityETH
DA:394,524
DA:398,524
DA:401,524
FN:401,UniswapV2LPActions._swapToETHorETH
FNDA:524,UniswapV2LPActions._swapToETHorETH
DA:406,524
DA:408,524
DA:410,524
DA:412,262
BRDA:412,12,0,262
BRDA:412,12,1,262
DA:413,262
DA:414,262
DA:416,262
DA:417,262
DA:421,0
FN:421,UniswapV2LPActions.getTokenForSelector
FNDA:0,UniswapV2LPActions.getTokenForSelector
DA:422,0
DA:424,0
BRDA:424,13,0,-
DA:425,0
DA:428,0
BRDA:428,14,0,-
DA:429,0
DA:432,0
BRDA:432,15,0,-
DA:433,0
DA:434,0
DA:437,0
BRDA:437,16,0,-
BRDA:437,16,1,-
DA:438,0
DA:439,0
DA:441,0
DA:442,0
FNF:22
FNH:21
LF:159
LH:140
BRF:24
BRH:16
end_of_record
TN:
SF:src/actions/uniswap-v2/UniswapV2SwapActions.sol
DA:16,18
FN:16,UniswapV2SwapActions.constructor
FNDA:18,UniswapV2SwapActions.constructor
DA:17,18
DA:18,18
DA:19,18
DA:21,18
DA:22,18
DA:23,18
DA:24,18
DA:26,18
DA:27,18
DA:34,264
FN:34,UniswapV2SwapActions.swapExactTokensForTokens
FNDA:264,UniswapV2SwapActions.swapExactTokensForTokens
DA:40,525
DA:41,525
DA:43,525
DA:44,525
DA:47,524
FN:47,UniswapV2SwapActions.swapTokensForExactTokens
FNDA:524,UniswapV2SwapActions.swapTokensForExactTokens
DA:53,524
DA:54,524
BRDA:54,0,0,262
BRDA:54,0,1,262
DA:55,262
DA:57,262
DA:60,524
DA:62,524
DA:64,524
DA:66,524
DA:69,262
FN:69,UniswapV2SwapActions.swapExactETHForTokens
FNDA:262,UniswapV2SwapActions.swapExactETHForTokens
DA:75,524
DA:76,524
DA:78,524
DA:81,524
FN:81,UniswapV2SwapActions.swapTokensForExactETH
FNDA:524,UniswapV2SwapActions.swapTokensForExactETH
DA:87,524
DA:88,524
BRDA:88,1,0,262
BRDA:88,1,1,262
DA:89,262
DA:91,262
DA:94,524
DA:96,524
DA:98,524
DA:100,524
DA:103,262
FN:103,UniswapV2SwapActions.swapExactTokensForETH
FNDA:262,UniswapV2SwapActions.swapExactTokensForETH
DA:109,524
DA:110,524
DA:112,524
DA:114,524
DA:117,524
FN:117,UniswapV2SwapActions.swapETHForExactTokens
FNDA:524,UniswapV2SwapActions.swapETHForExactTokens
DA:123,524
DA:125,524
DA:126,524
BRDA:126,2,0,262
BRDA:126,2,1,262
DA:127,262
DA:129,262
DA:132,524
DA:134,524
DA:141,262
FN:141,UniswapV2SwapActions.swapPercentageTokensForTokens
FNDA:262,UniswapV2SwapActions.swapPercentageTokensForTokens
DA:147,262
DA:150,262
FN:150,UniswapV2SwapActions.swapPercentageTokensForETH
FNDA:262,UniswapV2SwapActions.swapPercentageTokensForETH
DA:156,262
DA:159,262
FN:159,UniswapV2SwapActions.swapPercentageETHForTokens
FNDA:262,UniswapV2SwapActions.swapPercentageETHForTokens
DA:165,262
DA:172,524
FN:172,UniswapV2SwapActions._swapTokensForExactTokens
FNDA:524,UniswapV2SwapActions._swapTokensForExactTokens
DA:179,524
DA:180,524
DA:182,524
DA:185,524
FN:185,UniswapV2SwapActions._swapETHForExactTokens
FNDA:524,UniswapV2SwapActions._swapETHForExactTokens
DA:192,524
DA:194,524
DA:197,524
FN:197,UniswapV2SwapActions._swapTokensForExactETH
FNDA:524,UniswapV2SwapActions._swapTokensForExactETH
DA:204,524
DA:205,524
DA:207,524
DA:210,5
FN:210,UniswapV2SwapActions.getTokenForSelector
FNDA:5,UniswapV2SwapActions.getTokenForSelector
DA:211,5
DA:213,5
BRDA:213,3,0,1
DA:214,1
DA:217,4
BRDA:217,4,0,1
DA:218,1
DA:221,3
BRDA:221,5,0,2
BRDA:221,5,1,2
DA:222,2
DA:223,2
DA:225,1
DA:226,1
FNF:14
FNH:14
LF:78
LH:78
BRF:10
BRH:10
end_of_record
TN:
SF:src/condition/BaseCondition.sol
DA:17,2
FN:17,BaseCondition.conditionExist
FNDA:2,BaseCondition.conditionExist
DA:18,2
BRDA:18,0,0,-
DA:19,0
DA:24,528
FN:24,BaseCondition.conditionDoesNotExist
FNDA:528,BaseCondition.conditionDoesNotExist
DA:25,528
BRDA:25,1,0,-
DA:26,0
DA:31,0
FN:31,BaseCondition.checkCondition
FNDA:0,BaseCondition.checkCondition
DA:32,0
DA:35,1
FN:35,BaseCondition.isUpdateable
FNDA:1,BaseCondition.isUpdateable
DA:36,0
DA:39,0
FN:39,BaseCondition.updateCondition
FNDA:0,BaseCondition.updateCondition
DA:41,0
DA:44,0
FN:44,BaseCondition.conditionActive
FNDA:0,BaseCondition.conditionActive
DA:45,0
DA:48,0
FN:48,BaseCondition._isConditionActive
FNDA:0,BaseCondition._isConditionActive
DA:49,0
DA:52,1
FN:52,BaseCondition.deleteCondition
FNDA:1,BaseCondition.deleteCondition
DA:53,1
BRDA:53,2,0,-
DA:54,0
DA:58,0
FN:58,BaseCondition.automationValid
FNDA:0,BaseCondition.automationValid
DA:60,0
DA:63,0
FN:63,BaseCondition.strategyValid
FNDA:0,BaseCondition.strategyValid
DA:65,0
DA:68,4
FN:68,BaseCondition.addAutomationToCondition
FNDA:4,BaseCondition.addAutomationToCondition
DA:69,4
DA:70,4
DA:71,4
DA:74,1839
FN:74,BaseCondition.addStrategyToCondition
FNDA:1839,BaseCondition.addStrategyToCondition
DA:75,1839
DA:76,1839
DA:77,1839
DA:80,2
FN:80,BaseCondition.removeAutomationFromCondition
FNDA:2,BaseCondition.removeAutomationFromCondition
DA:81,2
DA:83,2
DA:85,2
BRDA:85,3,0,-
DA:86,0
DA:89,2
DA:91,2
BRDA:91,4,0,-
DA:92,0
DA:93,0
DA:94,0
DA:97,2
DA:99,2
DA:102,1
FN:102,BaseCondition.removeStrategyFromCondition
FNDA:1,BaseCondition.removeStrategyFromCondition
DA:103,1
DA:105,1
DA:107,1
BRDA:107,5,0,-
DA:108,0
DA:111,1
DA:113,1
BRDA:113,6,0,-
DA:114,0
DA:115,0
DA:116,0
DA:119,1
DA:121,1
DA:124,262
FN:124,BaseCondition.strategies
FNDA:262,BaseCondition.strategies
DA:125,262
DA:128,0
FN:128,BaseCondition.automations
FNDA:0,BaseCondition.automations
DA:129,0
FNF:16
FNH:9
LF:59
LH:33
BRF:7
BRH:0
end_of_record
TN:
SF:src/condition/TimeCondition.sol
DA:32,9
FN:32,TimeCondition.validCondition
FNDA:9,TimeCondition.validCondition
DA:33,9
BRDA:33,0,0,1
DA:34,1
DA:37,8
BRDA:37,1,0,1
DA:38,1
DA:56,9
FN:56,TimeCondition.addCondition
FNDA:9,TimeCondition.addCondition
DA:61,7
DA:63,7
DA:66,1
FN:66,TimeCondition.deleteCondition
FNDA:1,TimeCondition.deleteCondition
DA:67,1
DA:68,1
DA:70,1
DA:73,2
FN:73,TimeCondition.updateCondition
FNDA:2,TimeCondition.updateCondition
DA:74,2
DA:76,2
BRDA:76,2,0,1
DA:77,1
DA:80,1
DA:82,1
DA:84,1
DA:86,1
DA:93,12
FN:93,TimeCondition._isConditionActive
FNDA:12,TimeCondition._isConditionActive
DA:94,12
DA:101,3
FN:101,TimeCondition.checkCondition
FNDA:3,TimeCondition.checkCondition
DA:102,3
DA:104,3
BRDA:104,3,0,-
DA:105,0
DA:108,3
BRDA:108,4,0,2
BRDA:108,4,1,1
DA:109,2
DA:111,1
DA:115,2
FN:115,TimeCondition.isUpdateable
FNDA:2,TimeCondition.isUpdateable
DA:116,2
DA:119,3
FN:119,TimeCondition.walletCondition
FNDA:3,TimeCondition.walletCondition
DA:120,3
FNF:8
FNH:8
LF:33
LH:32
BRF:6
BRH:5
end_of_record
TN:
SF:src/condition/aave-v3/HealthFactorCondition.sol
DA:19,519
FN:19,HealthFactorCondition.validCondition
FNDA:519,HealthFactorCondition.validCondition
DA:20,519
BRDA:20,0,0,-
DA:21,0
DA:23,519
BRDA:23,1,0,-
DA:24,0
DA:32,2
FN:32,HealthFactorCondition.constructor
FNDA:2,HealthFactorCondition.constructor
DA:33,2
DA:40,519
FN:40,HealthFactorCondition.addCondition
FNDA:519,HealthFactorCondition.addCondition
DA:45,519
DA:46,519
DA:49,0
FN:49,HealthFactorCondition.deleteCondition
FNDA:0,HealthFactorCondition.deleteCondition
DA:50,0
DA:51,0
DA:53,0
DA:56,0
FN:56,HealthFactorCondition.updateCondition
FNDA:0,HealthFactorCondition.updateCondition
DA:57,0
DA:64,519
FN:64,HealthFactorCondition._isConditionActive
FNDA:519,HealthFactorCondition._isConditionActive
DA:65,519
DA:72,262
FN:72,HealthFactorCondition.checkCondition
FNDA:262,HealthFactorCondition.checkCondition
DA:73,262
DA:76,262
DA:78,262
BRDA:78,2,0,99
DA:79,99
BRDA:79,3,0,99
DA:80,99
DA:84,163
BRDA:84,4,0,98
DA:85,98
BRDA:85,5,0,98
DA:86,98
DA:91,65
DA:92,21
DA:93,44
BRDA:93,6,0,44
DA:94,44
BRDA:94,7,0,44
DA:95,44
DA:99,21
BRDA:99,8,0,21
BRDA:99,8,1,-
DA:100,21
BRDA:100,9,0,21
DA:101,21
DA:104,0
DA:108,0
FN:108,HealthFactorCondition.isUpdateable
FNDA:0,HealthFactorCondition.isUpdateable
DA:109,0
DA:112,257
FN:112,HealthFactorCondition.walletCondition
FNDA:257,HealthFactorCondition.walletCondition
DA:113,257
FNF:9
FNH:6
LF:40
LH:29
BRF:11
BRH:8
end_of_record
TN:
SF:src/test/mocks/MockCondition.sol
DA:14,795
FN:14,MockCondition.addCondition
FNDA:795,MockCondition.addCondition
DA:15,795
DA:18,0
FN:18,MockCondition._isConditionActive
FNDA:0,MockCondition._isConditionActive
DA:19,0
DA:22,789
FN:22,MockCondition.checkCondition
FNDA:789,MockCondition.checkCondition
DA:23,789
FNF:3
FNH:2
LF:6
LH:4
BRF:0
BRH:0
end_of_record
TN:
SF:src/test/mocks/MockToken.sol
DA:9,860
FN:9,Token.constructor
FNDA:860,Token.constructor
DA:10,860
DA:13,0
FN:13,Token.setDecimals
FNDA:0,Token.setDecimals
DA:14,0
DA:17,0
FN:17,Token.decimals
FNDA:0,Token.decimals
DA:18,0
DA:21,0
FN:21,Token.mint
FNDA:0,Token.mint
DA:22,0
FNF:4
FNH:1
LF:8
LH:2
BRF:0
BRH:0
end_of_record
TN:
SF:test/utils/AccountTestBase.t.sol
DA:31,0
FN:31,AccountTestBase.constructor
FNDA:0,AccountTestBase.constructor
DA:32,0
DA:33,0
DA:34,0
DA:36,0
DA:37,0
DA:39,0
DA:40,0
DA:45,0
FN:45,AccountTestBase._transferOwnershipToTest
FNDA:0,AccountTestBase._transferOwnershipToTest
DA:46,0
DA:47,0
FNF:2
FNH:0
LF:11
LH:0
BRF:0
BRH:0
end_of_record
